<?xml version="1.0" encoding="UTF-8"?>
<testng-results skipped="0" failed="1" ignored="0" total="1" passed="0">
  <reporter-output>
  </reporter-output>
  <suite name="phptravles" duration-ms="15892" started-at="2019-11-25T09:06:19Z" finished-at="2019-11-25T09:06:35Z">
    <groups>
    </groups>
    <test name="Test" duration-ms="15892" started-at="2019-11-25T09:06:19Z" finished-at="2019-11-25T09:06:35Z">
      <class name="com.atmecs.practice1.scripts.PhpTravlesScript">
        <test-method status="PASS" signature="intitailizeBrowser(org.testng.ITestContext)[pri:0, instance:com.atmecs.practice1.scripts.PhpTravlesScript@239963d8]" name="intitailizeBrowser" is-config="true" duration-ms="15862" started-at="2019-11-25T09:06:19Z" finished-at="2019-11-25T09:06:35Z">
          <params>
            <param index="0">
              <value>
                <![CDATA[org.testng.TestRunner@2254127a]]>
              </value>
            </param>
          </params>
          <reporter-output>
          </reporter-output>
        </test-method> <!-- intitailizeBrowser -->
        <test-method status="FAIL" signature="pagesCall()[pri:0, instance:com.atmecs.practice1.scripts.PhpTravlesScript@239963d8]" name="pagesCall" duration-ms="7" started-at="2019-11-25T09:06:35Z" finished-at="2019-11-25T09:06:35Z">
          <exception class="java.lang.NullPointerException">
            <full-stacktrace>
              <![CDATA[java.lang.NullPointerException
at com.atmecs.practice1.scripts.PhpTravlesScript.pagesCall(PhpTravlesScript.java:17)
at sun.reflect.NativeMethodAccessorImpl.invoke0(Native Method)
at sun.reflect.NativeMethodAccessorImpl.invoke(NativeMethodAccessorImpl.java:62)
at sun.reflect.DelegatingMethodAccessorImpl.invoke(DelegatingMethodAccessorImpl.java:43)
at java.lang.reflect.Method.invoke(Method.java:498)
at org.testng.internal.MethodInvocationHelper.invokeMethod(MethodInvocationHelper.java:124)
at org.testng.internal.Invoker.invokeMethod(Invoker.java:583)
at org.testng.internal.Invoker.invokeTestMethod(Invoker.java:719)
at org.testng.internal.Invoker.invokeTestMethods(Invoker.java:989)
at org.testng.internal.TestMethodWorker.invokeTestMethods(TestMethodWorker.java:125)
at org.testng.internal.TestMethodWorker.run(TestMethodWorker.java:109)
at org.testng.TestRunner.privateRun(TestRunner.java:648)
at org.testng.TestRunner.run(TestRunner.java:505)
at org.testng.SuiteRunner.runTest(SuiteRunner.java:455)
at org.testng.SuiteRunner.runSequentially(SuiteRunner.java:450)
at org.testng.SuiteRunner.privateRun(SuiteRunner.java:415)
at org.testng.SuiteRunner.run(SuiteRunner.java:364)
at org.testng.SuiteRunnerWorker.runSuite(SuiteRunnerWorker.java:52)
at org.testng.SuiteRunnerWorker.run(SuiteRunnerWorker.java:84)
at org.testng.TestNG.runSuitesSequentially(TestNG.java:1208)
at org.testng.TestNG.runSuitesSequentially(TestNG.java:1204)
at org.testng.TestNG.runSuitesLocally(TestNG.java:1137)
at org.testng.TestNG.runSuites(TestNG.java:1049)
at org.testng.TestNG.run(TestNG.java:1017)
at org.testng.remote.AbstractRemoteTestNG.run(AbstractRemoteTestNG.java:115)
at org.testng.remote.RemoteTestNG.initAndRun(RemoteTestNG.java:251)
at org.testng.remote.RemoteTestNG.main(RemoteTestNG.java:77)
]]>
            </full-stacktrace>
          </exception> <!-- java.lang.NullPointerException -->
          <reporter-output>
          </reporter-output>
        </test-method> <!-- pagesCall -->
      </class> <!-- com.atmecs.practice1.scripts.PhpTravlesScript -->
    </test> <!-- Test -->
  </suite> <!-- phptravles -->
  <suite name="TestNGSuite" duration-ms="0" started-at="2019-11-25T09:06:35Z" finished-at="2019-11-25T09:06:35Z">
    <groups>
    </groups>
  </suite> <!-- TestNGSuite -->
</testng-results>
