<?xml version="1.0" encoding="UTF-8"?>
<!-- Generated by org.testng.reporters.JUnitXMLReporter -->
<testsuite hostname="ATMECSINLT-033" ignored="0" name="Test" tests="1" failures="1" timestamp="25 Nov 2019 09:06:35 GMT" time="15.892" errors="0">
  <testcase name="pagesCall" time="0.007" classname="com.atmecs.practice1.scripts.PhpTravlesScript">
    <failure type="java.lang.NullPointerException">
      <![CDATA[java.lang.NullPointerException
at com.atmecs.practice1.scripts.PhpTravlesScript.pagesCall(PhpTravlesScript.java:17)
... Removed 26 stack frames]]>
    </failure>
  </testcase> <!-- pagesCall -->
</testsuite> <!-- Test -->
